{
  "RSpec": {
    "coverage": {
      "/Users/suyashkhachane/Desktop/to-do-project/app/models/user.rb": {
        "lines": [
          1,
          null,
          null,
          1,
          null,
          null,
          1,
          1,
          1,
          1,
          null,
          null
        ]
      },
      "/Users/suyashkhachane/Desktop/to-do-project/app/models/application_record.rb": {
        "lines": [
          1,
          1,
          null
        ]
      },
      "/Users/suyashkhachane/Desktop/to-do-project/app/models/project.rb": {
        "lines": [
          1,
          1,
          1,
          1,
          1,
          null,
          null,
          1,
          null,
          null,
          null,
          null,
          1,
          null,
          1,
          null,
          null,
          null,
          null,
          null,
          null
        ]
      },
      "/Users/suyashkhachane/Desktop/to-do-project/app/models/task.rb": {
        "lines": [
          1,
          1,
          1,
          1,
          1,
          1,
          null,
          1,
          null,
          1,
          null,
          1,
          null,
          1,
          null,
          null,
          null,
          1,
          null,
          null,
          1,
          null,
          null,
          null,
          null,
          1,
          null,
          1,
          null,
          null,
          null,
          null,
          null,
          null,
          null,
          null,
          null,
          null,
          null,
          null,
          null,
          null
        ]
      },
      "/Users/suyashkhachane/Desktop/to-do-project/app/controllers/home_controller.rb": {
        "lines": [
          1,
          1,
          null,
          null
        ]
      },
      "/Users/suyashkhachane/Desktop/to-do-project/app/controllers/application_controller.rb": {
        "lines": [
          1,
          1,
          1,
          null,
          1,
          1,
          1,
          null,
          null,
          null
        ]
      },
      "/Users/suyashkhachane/Desktop/to-do-project/app/helpers/application_helper.rb": {
        "lines": [
          1,
          null
        ]
      },
      "/Users/suyashkhachane/Desktop/to-do-project/app/helpers/home_helper.rb": {
        "lines": [
          1,
          null
        ]
      },
      "/Users/suyashkhachane/Desktop/to-do-project/app/controllers/projects_controller.rb": {
        "lines": [
          1,
          1,
          1,
          null,
          null,
          1,
          3,
          null,
          null,
          null,
          1,
          0,
          null,
          null,
          null,
          1,
          0,
          null,
          null,
          null,
          1,
          null,
          null,
          null,
          1,
          0,
          null,
          null,
          0,
          0,
          0,
          0,
          null,
          0,
          0,
          null,
          null,
          null,
          null,
          null,
          1,
          0,
          0,
          0,
          0,
          null,
          0,
          0,
          null,
          null,
          null,
          null,
          null,
          1,
          0,
          0,
          0,
          0,
          null,
          null,
          null,
          1,
          null,
          1,
          0,
          null,
          null,
          null,
          1,
          0,
          null,
          null
        ]
      },
      "/Users/suyashkhachane/Desktop/to-do-project/app/helpers/projects_helper.rb": {
        "lines": [
          1,
          null
        ]
      },
      "/Users/suyashkhachane/Desktop/to-do-project/app/models/phase.rb": {
        "lines": [
          1,
          null,
          1,
          null
        ]
      },
      "/Users/suyashkhachane/Desktop/to-do-project/app/controllers/tasks_controller.rb": {
        "lines": [
          1,
          1,
          1,
          null,
          null,
          1,
          1,
          null,
          null,
          null,
          1,
          0,
          null,
          null,
          null,
          1,
          0,
          null,
          null,
          null,
          1,
          null,
          null,
          null,
          1,
          0,
          0,
          null,
          0,
          0,
          null,
          0,
          null,
          null,
          null,
          null,
          null,
          1,
          0,
          0,
          null,
          0,
          null,
          null,
          null,
          null,
          1,
          0,
          null,
          0,
          null,
          null,
          1,
          null,
          1,
          1,
          null,
          null,
          1,
          0,
          null,
          null,
          null,
          1,
          0,
          null,
          null
        ]
      },
      "/Users/suyashkhachane/Desktop/to-do-project/app/helpers/tasks_helper.rb": {
        "lines": [
          1,
          null
        ]
      },
      "/Users/suyashkhachane/Desktop/to-do-project/app/channels/application_cable/channel.rb": {
        "lines": [
          0,
          0,
          0,
          0
        ],
        "branches": {
        }
      },
      "/Users/suyashkhachane/Desktop/to-do-project/app/channels/application_cable/connection.rb": {
        "lines": [
          0,
          0,
          0,
          0
        ],
        "branches": {
        }
      },
      "/Users/suyashkhachane/Desktop/to-do-project/app/controllers/phases_controller.rb": {
        "lines": [
          0,
          0,
          null,
          null,
          0,
          0,
          0,
          null,
          null,
          0,
          0,
          null,
          null,
          0,
          0,
          0,
          null,
          null,
          0,
          0,
          null,
          null,
          0,
          0,
          null,
          0,
          0,
          0,
          0,
          0,
          0,
          0,
          0,
          0,
          0,
          null,
          null,
          0,
          0,
          0,
          0,
          0,
          0,
          0,
          0,
          0,
          0,
          0,
          null,
          null,
          0,
          0,
          0,
          0,
          0,
          0,
          0,
          null,
          0,
          null,
          0,
          0,
          0,
          null,
          null,
          0,
          0,
          0,
          0
        ],
        "branches": {
        }
      },
      "/Users/suyashkhachane/Desktop/to-do-project/app/controllers/subtasks_controller.rb": {
        "lines": [
          0,
          0,
          0,
          null,
          null,
          0,
          0,
          0,
          null,
          null,
          0,
          0,
          null,
          null,
          0,
          0,
          0,
          null,
          null,
          0,
          0,
          null,
          null,
          0,
          0,
          null,
          0,
          0,
          0,
          0,
          0,
          0,
          null,
          null,
          0,
          0,
          0,
          0,
          0,
          0,
          0,
          null,
          null,
          0,
          0,
          null,
          0,
          0,
          null,
          0,
          null,
          0,
          0,
          0,
          null,
          0,
          0,
          0,
          null,
          null,
          0,
          0,
          0,
          0
        ],
        "branches": {
        }
      },
      "/Users/suyashkhachane/Desktop/to-do-project/app/controllers/task/comments_controller.rb": {
        "lines": [
          0,
          0,
          null,
          null,
          0,
          0,
          0,
          null,
          null,
          0,
          0,
          null,
          null,
          0,
          0,
          0,
          null,
          null,
          0,
          0,
          null,
          null,
          0,
          0,
          null,
          0,
          0,
          0,
          0,
          0,
          0,
          0,
          0,
          0,
          0,
          null,
          null,
          0,
          0,
          0,
          0,
          0,
          0,
          0,
          0,
          0,
          0,
          0,
          null,
          null,
          0,
          0,
          0,
          0,
          0,
          0,
          0,
          null,
          0,
          null,
          0,
          0,
          0,
          null,
          null,
          0,
          0,
          0,
          0
        ],
        "branches": {
        }
      },
      "/Users/suyashkhachane/Desktop/to-do-project/app/controllers/user_controller.rb": {
        "lines": [
          0,
          0,
          0,
          0,
          0,
          null,
          0
        ],
        "branches": {
        }
      },
      "/Users/suyashkhachane/Desktop/to-do-project/app/helpers/phases_helper.rb": {
        "lines": [
          0,
          0
        ],
        "branches": {
        }
      },
      "/Users/suyashkhachane/Desktop/to-do-project/app/helpers/subtasks_helper.rb": {
        "lines": [
          0,
          0
        ],
        "branches": {
        }
      },
      "/Users/suyashkhachane/Desktop/to-do-project/app/helpers/task/comments_helper.rb": {
        "lines": [
          0,
          0
        ],
        "branches": {
        }
      },
      "/Users/suyashkhachane/Desktop/to-do-project/app/helpers/user_helper.rb": {
        "lines": [
          0,
          0
        ],
        "branches": {
        }
      },
      "/Users/suyashkhachane/Desktop/to-do-project/app/jobs/application_job.rb": {
        "lines": [
          0,
          null,
          null,
          null,
          null,
          null,
          0
        ],
        "branches": {
        }
      },
      "/Users/suyashkhachane/Desktop/to-do-project/app/mailers/application_mailer.rb": {
        "lines": [
          0,
          0,
          0,
          0
        ],
        "branches": {
        }
      },
      "/Users/suyashkhachane/Desktop/to-do-project/app/models/subtask.rb": {
        "lines": [
          0,
          0,
          0
        ],
        "branches": {
        }
      },
      "/Users/suyashkhachane/Desktop/to-do-project/app/models/task/comment.rb": {
        "lines": [
          0,
          0,
          0,
          0
        ],
        "branches": {
        }
      }
    },
    "timestamp": 1634123586
  }
}
